<?xml version="1.0" encoding="UTF-8"?>
<!-- Generated by org.testng.reporters.JUnitReportReporter -->
<testsuite hostname="DESKTOP-NPVV9DA" failures="0" tests="1" name="lab.Almosafer" time="0.152" errors="0" timestamp="2023-09-26T12:04:26 EEST" skipped="0">
  <testcase classname="lab.Almosafer" name="myTest" time="0.152"/>
</testsuite> <!-- lab.Almosafer -->
